app/build/intermediates/manifest_merge_blame_file/debug/manifest-merger-blame-debug-report.txt
1<?xml version="1.0" encoding="utf-8"?>
2<manifest xmlns:android="http://schemas.android.com/apk/res/android"
3    package="com.je.newxwsgame"
4    android:versionCode="1"
5    android:versionName="1.0" >
6
7    <uses-sdk
8        android:minSdkVersion="16"
8-->src\main\AndroidManifest.xml
9        android:targetSdkVersion="31" />
9-->src\main\AndroidManifest.xml
10
11    <uses-permission android:name="android.permission.FOREGROUND_SERVICE" />
11-->src\main\AndroidManifest.xml:5:5-77
11-->src\main\AndroidManifest.xml:5:22-74
12    <uses-permission android:name="android.permission.VIBRATE" />
12-->src\main\AndroidManifest.xml:7:5-66
12-->src\main\AndroidManifest.xml:7:22-63
13
14    <application
14-->src\main\AndroidManifest.xml:9:5-55:19
15        android:allowBackup="true"
15-->src\main\AndroidManifest.xml:10:9-35
16        android:appComponentFactory="androidx.core.app.CoreComponentFactory"
16-->[androidx.core:core:1.1.0] AndroidManifest.xml:24:18-86
17        android:debuggable="true"
18        android:icon="@mipmap/ic_launcher"
18-->src\main\AndroidManifest.xml:11:9-43
19        android:label="@string/app_name"
19-->src\main\AndroidManifest.xml:12:9-41
20        android:roundIcon="@mipmap/ic_launcher_round"
20-->src\main\AndroidManifest.xml:13:9-54
21        android:supportsRtl="true"
21-->src\main\AndroidManifest.xml:14:9-35
22        android:testOnly="true"
23        android:theme="@style/Theme.SuperSus" >
23-->src\main\AndroidManifest.xml:15:9-46
24        <activity android:name="com.je.newxwsgame.VibratorDemoActivity" />
24-->src\main\AndroidManifest.xml:16:9-84
24-->src\main\AndroidManifest.xml:16:19-72
25
26        <service
26-->src\main\AndroidManifest.xml:18:9-21:39
27            android:name="com.je.newxwsgame.service.MyService2"
27-->src\main\AndroidManifest.xml:19:13-64
28            android:enabled="true"
28-->src\main\AndroidManifest.xml:20:13-35
29            android:exported="true" />
29-->src\main\AndroidManifest.xml:21:13-36
30        <service
30-->src\main\AndroidManifest.xml:22:9-25:39
31            android:name="com.je.newxwsgame.service.MyService"
31-->src\main\AndroidManifest.xml:23:13-63
32            android:enabled="true"
32-->src\main\AndroidManifest.xml:24:13-35
33            android:exported="true" />
33-->src\main\AndroidManifest.xml:25:13-36
34
35        <activity android:name="com.je.newxwsgame.MainActivity3" />
35-->src\main\AndroidManifest.xml:27:9-68
35-->src\main\AndroidManifest.xml:27:19-65
36        <activity
36-->src\main\AndroidManifest.xml:28:9-31:65
37            android:name="com.je.newxwsgame.MainActivity2"
37-->src\main\AndroidManifest.xml:29:13-59
38            android:label="@string/title_activity_main2"
38-->src\main\AndroidManifest.xml:30:13-57
39            android:theme="@style/Theme.SuperSus.NoActionBar" />
39-->src\main\AndroidManifest.xml:31:13-62
40        <activity
40-->src\main\AndroidManifest.xml:32:9-54:20
41            android:name="com.je.newxwsgame.MainActivity"
41-->src\main\AndroidManifest.xml:33:13-58
42            android:launchMode="singleTask" >
42-->src\main\AndroidManifest.xml:34:13-44
43            <intent-filter>
43-->src\main\AndroidManifest.xml:35:13-39:29
44                <action android:name="android.intent.action.MAIN" />
44-->src\main\AndroidManifest.xml:36:17-69
44-->src\main\AndroidManifest.xml:36:25-66
45
46                <category android:name="android.intent.category.LAUNCHER" />
46-->src\main\AndroidManifest.xml:38:17-77
46-->src\main\AndroidManifest.xml:38:27-74
47            </intent-filter>
48
49            <!-- 注册scheme -->
50            <intent-filter>
50-->src\main\AndroidManifest.xml:42:13-53:29
51
52                <!-- 必有项 -->
53                <action android:name="android.intent.action.VIEW" />
53-->src\main\AndroidManifest.xml:45:17-69
53-->src\main\AndroidManifest.xml:45:25-66
54                <!-- 表示该页面可以被隐式调用，必须加上该项 -->
55                <category android:name="android.intent.category.DEFAULT" />
55-->src\main\AndroidManifest.xml:47:17-76
55-->src\main\AndroidManifest.xml:47:27-73
56                <!-- BROWSABLE指定该Activity能被浏览器安全调用 -->
57                <category android:name="android.intent.category.BROWSABLE" />
57-->src\main\AndroidManifest.xml:49:17-78
57-->src\main\AndroidManifest.xml:49:27-75
58                <!-- 协议部分 -->
59                <!-- 声明自定义scheme，类似于http, https -->
60                <data android:scheme="urlscheme" />
60-->src\main\AndroidManifest.xml:52:17-52
60-->src\main\AndroidManifest.xml:52:23-49
61            </intent-filter>
62        </activity>
63    </application>
64
65</manifest>